[2026-06-28 22:59:16] INFO [healthping:39] Loaded global settings. Log level set to INFO
[2026-06-28 22:59:16] INFO [healthping:46] Loaded and validated 1 services.
[2026-06-28 22:59:16] INFO [monitor.checker:171] Starting health check cycle for 1 services (concurrency limit: 10)...
[2026-06-28 22:59:17] WARNING [monitor.checker:98] Service 'VoyageAI Backend' returned unexpected status 503 on attempt 0: Expected status 200, got 503
[2026-06-28 22:59:17] INFO [monitor.checker:50] Retrying check for 'VoyageAI Backend' (attempt 1/3) in 2.00s...
[2026-06-28 22:59:20] WARNING [monitor.checker:98] Service 'VoyageAI Backend' returned unexpected status 503 on attempt 1: Expected status 200, got 503
[2026-06-28 22:59:20] INFO [monitor.checker:50] Retrying check for 'VoyageAI Backend' (attempt 2/3) in 4.00s...
[2026-06-28 22:59:24] WARNING [monitor.checker:98] Service 'VoyageAI Backend' returned unexpected status 503 on attempt 2: Expected status 200, got 503
[2026-06-28 22:59:24] INFO [monitor.checker:50] Retrying check for 'VoyageAI Backend' (attempt 3/3) in 8.00s...
[2026-06-28 22:59:32] WARNING [monitor.checker:98] Service 'VoyageAI Backend' returned unexpected status 503 on attempt 3: Expected status 200, got 503
[2026-06-28 22:59:32] ERROR [monitor.checker:129] Service 'VoyageAI Backend' health check failed. Reason: Expected status 200, got 503. Retries: 3
[2026-06-28 22:59:32] INFO [monitor.checker:192] Finished health check cycle.
[2026-06-28 22:59:32] INFO [reports.generator:87] JSON report written to reports\report_20260628_172932.json
[2026-06-28 22:59:32] INFO [reports.generator:87] JSON report written to reports\report_latest.json
[2026-06-28 22:59:32] INFO [reports.generator:132] CSV report written to reports\report_20260628_172932.csv
[2026-06-28 22:59:32] INFO [reports.generator:164] HTML report written to reports\report_20260628_172932.html
[2026-06-28 22:59:32] INFO [reports.generator:164] HTML report written to reports\report_latest.html
[2026-06-28 22:59:32] WARNING [healthping:85] Detected 1 service failures. Dispatching alerts...
[2026-06-28 22:59:32] INFO [notifications.email_sender:55] Connecting to SMTP server at smtp.gmail.com:587...
[2026-06-28 22:59:34] INFO [notifications.email_sender:72] Dispatching email: '🚨 ALERT: HealthCheck Failed - VoyageAI Backend' to <receiver@gmail.com>
[2026-06-28 22:59:35] ERROR [notifications.email_sender:79] Failed to dispatch SMTP email: (530, b'5.7.0 Authentication Required. For more information, go to\n5.7.0  https://support.google.com/accounts/troubleshooter/2402620. 5a478bee46e88-30c7c8afc91sm39380783eec.14 - gsmtp', 'your_email@gmail.com')
Traceback (most recent call last):
  File "E:\Projects\HealthPing\notifications\email_sender.py", line 73, in _send_email
    server.sendmail(
  File "C:\Users\SATYABARTA\AppData\Roaming\uv\python\cpython-3.12.12-windows-x86_64-none\Lib\smtplib.py", line 876, in sendmail
    raise SMTPSenderRefused(code, resp, from_addr)
smtplib.SMTPSenderRefused: (530, b'5.7.0 Authentication Required. For more information, go to\n5.7.0  https://support.google.com/accounts/troubleshooter/2402620. 5a478bee46e88-30c7c8afc91sm39380783eec.14 - gsmtp', 'your_email@gmail.com')
[2026-06-28 22:59:35] ERROR [notifications.email_sender:94] Could not construct/send failure alert: (530, b'5.7.0 Authentication Required. For more information, go to\n5.7.0  https://support.google.com/accounts/troubleshooter/2402620. 5a478bee46e88-30c7c8afc91sm39380783eec.14 - gsmtp', 'your_email@gmail.com')
[2026-06-28 22:59:54] INFO [healthping:39] Loaded global settings. Log level set to INFO
[2026-06-28 22:59:54] INFO [healthping:46] Loaded and validated 1 services.
[2026-06-28 22:59:54] INFO [monitor.checker:171] Starting health check cycle for 1 services (concurrency limit: 10)...
[2026-06-28 22:59:55] WARNING [monitor.checker:98] Service 'VoyageAI Backend' returned unexpected status 503 on attempt 0: Expected status 200, got 503
[2026-06-28 22:59:55] INFO [monitor.checker:50] Retrying check for 'VoyageAI Backend' (attempt 1/3) in 2.00s...
[2026-06-28 22:59:57] WARNING [monitor.checker:98] Service 'VoyageAI Backend' returned unexpected status 503 on attempt 1: Expected status 200, got 503
[2026-06-28 22:59:57] INFO [monitor.checker:50] Retrying check for 'VoyageAI Backend' (attempt 2/3) in 4.00s...
[2026-06-28 23:00:01] WARNING [monitor.checker:98] Service 'VoyageAI Backend' returned unexpected status 503 on attempt 2: Expected status 200, got 503
[2026-06-28 23:00:01] INFO [monitor.checker:50] Retrying check for 'VoyageAI Backend' (attempt 3/3) in 8.00s...
[2026-06-28 23:00:10] WARNING [monitor.checker:98] Service 'VoyageAI Backend' returned unexpected status 503 on attempt 3: Expected status 200, got 503
[2026-06-28 23:00:10] ERROR [monitor.checker:129] Service 'VoyageAI Backend' health check failed. Reason: Expected status 200, got 503. Retries: 3
[2026-06-28 23:00:10] INFO [monitor.checker:192] Finished health check cycle.
[2026-06-28 23:00:10] INFO [reports.generator:87] JSON report written to reports\report_20260628_173010.json
[2026-06-28 23:00:10] INFO [reports.generator:87] JSON report written to reports\report_latest.json
[2026-06-28 23:00:10] INFO [reports.generator:132] CSV report written to reports\report_20260628_173010.csv
[2026-06-28 23:00:10] INFO [reports.generator:164] HTML report written to reports\report_20260628_173010.html
[2026-06-28 23:00:10] INFO [reports.generator:164] HTML report written to reports\report_latest.html
[2026-06-28 23:00:10] WARNING [healthping:85] Detected 1 service failures. Dispatching alerts...
[2026-06-28 23:00:10] INFO [notifications.email_sender:55] Connecting to SMTP server at smtp.gmail.com:587...
[2026-06-28 23:00:11] INFO [notifications.email_sender:72] Dispatching email: '🚨 ALERT: HealthCheck Failed - VoyageAI Backend' to <receiver@gmail.com>
[2026-06-28 23:00:12] ERROR [notifications.email_sender:79] Failed to dispatch SMTP email: (530, b'5.7.0 Authentication Required. For more information, go to\n5.7.0  https://support.google.com/accounts/troubleshooter/2402620. 5a478bee46e88-30c7c9e220bsm40049722eec.21 - gsmtp', 'your_email@gmail.com')
Traceback (most recent call last):
  File "E:\Projects\HealthPing\notifications\email_sender.py", line 73, in _send_email
    server.sendmail(
  File "C:\Users\SATYABARTA\AppData\Roaming\uv\python\cpython-3.12.12-windows-x86_64-none\Lib\smtplib.py", line 876, in sendmail
    raise SMTPSenderRefused(code, resp, from_addr)
smtplib.SMTPSenderRefused: (530, b'5.7.0 Authentication Required. For more information, go to\n5.7.0  https://support.google.com/accounts/troubleshooter/2402620. 5a478bee46e88-30c7c9e220bsm40049722eec.21 - gsmtp', 'your_email@gmail.com')
[2026-06-28 23:00:12] ERROR [notifications.email_sender:94] Could not construct/send failure alert: (530, b'5.7.0 Authentication Required. For more information, go to\n5.7.0  https://support.google.com/accounts/troubleshooter/2402620. 5a478bee46e88-30c7c9e220bsm40049722eec.21 - gsmtp', 'your_email@gmail.com')
[2026-06-28 23:00:58] INFO [healthping:39] Loaded global settings. Log level set to INFO
[2026-06-28 23:00:58] INFO [healthping:46] Loaded and validated 1 services.
[2026-06-28 23:00:58] INFO [monitor.checker:171] Starting health check cycle for 1 services (concurrency limit: 10)...
[2026-06-28 23:00:58] WARNING [monitor.checker:98] Service 'VoyageAI Backend' returned unexpected status 503 on attempt 0: Expected status 200, got 503
[2026-06-28 23:00:58] INFO [monitor.checker:50] Retrying check for 'VoyageAI Backend' (attempt 1/3) in 2.00s...
[2026-06-28 23:01:01] WARNING [monitor.checker:98] Service 'VoyageAI Backend' returned unexpected status 503 on attempt 1: Expected status 200, got 503
[2026-06-28 23:01:01] INFO [monitor.checker:50] Retrying check for 'VoyageAI Backend' (attempt 2/3) in 4.00s...
[2026-06-28 23:01:05] WARNING [monitor.checker:98] Service 'VoyageAI Backend' returned unexpected status 503 on attempt 2: Expected status 200, got 503
[2026-06-28 23:01:05] INFO [monitor.checker:50] Retrying check for 'VoyageAI Backend' (attempt 3/3) in 8.00s...
[2026-06-28 23:01:13] WARNING [monitor.checker:98] Service 'VoyageAI Backend' returned unexpected status 503 on attempt 3: Expected status 200, got 503
[2026-06-28 23:01:13] ERROR [monitor.checker:129] Service 'VoyageAI Backend' health check failed. Reason: Expected status 200, got 503. Retries: 3
[2026-06-28 23:01:13] INFO [monitor.checker:192] Finished health check cycle.
[2026-06-28 23:01:13] INFO [reports.generator:87] JSON report written to reports\report_20260628_173113.json
[2026-06-28 23:01:13] INFO [reports.generator:87] JSON report written to reports\report_latest.json
[2026-06-28 23:01:13] INFO [reports.generator:132] CSV report written to reports\report_20260628_173113.csv
[2026-06-28 23:01:13] INFO [reports.generator:164] HTML report written to reports\report_20260628_173113.html
[2026-06-28 23:01:13] INFO [reports.generator:164] HTML report written to reports\report_latest.html
[2026-06-28 23:01:13] WARNING [healthping:85] Detected 1 service failures. Dispatching alerts...
[2026-06-28 23:01:13] INFO [notifications.email_sender:55] Connecting to SMTP server at smtp.gmail.com:587...
[2026-06-28 23:01:14] INFO [notifications.email_sender:72] Dispatching email: '🚨 ALERT: HealthCheck Failed - VoyageAI Backend' to <receiver@gmail.com>
[2026-06-28 23:01:15] ERROR [notifications.email_sender:79] Failed to dispatch SMTP email: (530, b'5.7.0 Authentication Required. For more information, go to\n5.7.0  https://support.google.com/accounts/troubleshooter/2402620. 5a478bee46e88-30c7c52c664sm42183169eec.8 - gsmtp', 'your_email@gmail.com')
Traceback (most recent call last):
  File "E:\Projects\HealthPing\notifications\email_sender.py", line 73, in _send_email
    server.sendmail(
  File "C:\Users\SATYABARTA\AppData\Roaming\uv\python\cpython-3.12.12-windows-x86_64-none\Lib\smtplib.py", line 876, in sendmail
    raise SMTPSenderRefused(code, resp, from_addr)
smtplib.SMTPSenderRefused: (530, b'5.7.0 Authentication Required. For more information, go to\n5.7.0  https://support.google.com/accounts/troubleshooter/2402620. 5a478bee46e88-30c7c52c664sm42183169eec.8 - gsmtp', 'your_email@gmail.com')
[2026-06-28 23:01:15] ERROR [notifications.email_sender:94] Could not construct/send failure alert: (530, b'5.7.0 Authentication Required. For more information, go to\n5.7.0  https://support.google.com/accounts/troubleshooter/2402620. 5a478bee46e88-30c7c52c664sm42183169eec.8 - gsmtp', 'your_email@gmail.com')
[2026-06-28 23:12:00] INFO [healthping:39] Loaded global settings. Log level set to INFO
[2026-06-28 23:12:00] INFO [healthping:46] Loaded and validated 1 services.
[2026-06-28 23:12:00] INFO [monitor.checker:171] Starting health check cycle for 1 services (concurrency limit: 10)...
[2026-06-28 23:12:00] WARNING [monitor.checker:98] Service 'VoyageAI Backend' returned unexpected status 503 on attempt 0: Expected status 200, got 503
[2026-06-28 23:12:00] INFO [monitor.checker:50] Retrying check for 'VoyageAI Backend' (attempt 1/3) in 2.00s...
[2026-06-28 23:12:03] WARNING [monitor.checker:98] Service 'VoyageAI Backend' returned unexpected status 503 on attempt 1: Expected status 200, got 503
[2026-06-28 23:12:03] INFO [monitor.checker:50] Retrying check for 'VoyageAI Backend' (attempt 2/3) in 4.00s...
[2026-06-28 23:12:07] WARNING [monitor.checker:98] Service 'VoyageAI Backend' returned unexpected status 503 on attempt 2: Expected status 200, got 503
[2026-06-28 23:12:07] INFO [monitor.checker:50] Retrying check for 'VoyageAI Backend' (attempt 3/3) in 8.00s...
[2026-06-28 23:12:15] WARNING [monitor.checker:98] Service 'VoyageAI Backend' returned unexpected status 503 on attempt 3: Expected status 200, got 503
[2026-06-28 23:12:15] ERROR [monitor.checker:129] Service 'VoyageAI Backend' health check failed. Reason: Expected status 200, got 503. Retries: 3
[2026-06-28 23:12:15] INFO [monitor.checker:192] Finished health check cycle.
[2026-06-28 23:12:15] INFO [reports.generator:87] JSON report written to reports\report_20260628_174215.json
[2026-06-28 23:12:15] INFO [reports.generator:87] JSON report written to reports\report_latest.json
[2026-06-28 23:12:15] INFO [reports.generator:132] CSV report written to reports\report_20260628_174215.csv
[2026-06-28 23:12:15] INFO [reports.generator:164] HTML report written to reports\report_20260628_174215.html
[2026-06-28 23:12:15] INFO [reports.generator:164] HTML report written to reports\report_latest.html
[2026-06-28 23:12:15] WARNING [healthping:85] Detected 1 service failures. Dispatching alerts...
[2026-06-28 23:12:15] INFO [notifications.email_sender:55] Connecting to SMTP server at smtp.gmail.com:587...
[2026-06-28 23:12:16] INFO [notifications.email_sender:69] Authenticating SMTP user: dug7904@gmail.com...
[2026-06-28 23:12:17] INFO [notifications.email_sender:72] Dispatching email: '🚨 ALERT: HealthCheck Failed - VoyageAI Backend' to <mishrasatyabrata27@gmail.com>
[2026-06-28 23:12:19] INFO [notifications.email_sender:77] Email delivered successfully.
[2026-06-28 23:16:45] INFO [healthping:39] Loaded global settings. Log level set to INFO
[2026-06-28 23:16:45] INFO [healthping:46] Loaded and validated 2 services.
[2026-06-28 23:16:45] INFO [monitor.checker:171] Starting health check cycle for 2 services (concurrency limit: 10)...
[2026-06-28 23:16:46] INFO [monitor.checker:79] Service 'VoyageAI Backend' is healthy. Status: 200. Latency: 0.3280s
[2026-06-28 23:16:46] INFO [monitor.checker:79] Service 'Email Automation Tool' is healthy. Status: 200. Latency: 0.4850s
[2026-06-28 23:16:46] INFO [monitor.checker:192] Finished health check cycle.
[2026-06-28 23:16:46] INFO [reports.generator:87] JSON report written to reports\report_20260628_174646.json
[2026-06-28 23:16:46] INFO [reports.generator:87] JSON report written to reports\report_latest.json
[2026-06-28 23:16:46] INFO [reports.generator:132] CSV report written to reports\report_20260628_174646.csv
[2026-06-28 23:16:46] INFO [reports.generator:164] HTML report written to reports\report_20260628_174646.html
[2026-06-28 23:16:46] INFO [reports.generator:164] HTML report written to reports\report_latest.html
[2026-06-28 23:16:46] INFO [healthping:94] All checked services are healthy. No alerts to send.
[2026-06-28 23:20:17] INFO [healthping:39] Loaded global settings. Log level set to INFO
[2026-06-28 23:20:17] INFO [healthping:46] Loaded and validated 6 services.
[2026-06-28 23:20:17] INFO [monitor.checker:171] Starting health check cycle for 6 services (concurrency limit: 10)...
[2026-06-28 23:20:17] INFO [monitor.checker:79] Service 'Chatroom and Videoroom Backend' is healthy. Status: 200. Latency: 0.3600s
[2026-06-28 23:20:17] INFO [monitor.checker:79] Service 'Email Automation Tool' is healthy. Status: 200. Latency: 0.3600s
[2026-06-28 23:20:17] INFO [monitor.checker:79] Service 'VoyageAI Backend' is healthy. Status: 200. Latency: 0.3900s
[2026-06-28 23:20:17] INFO [monitor.checker:79] Service 'Netflix Clone Backend' is healthy. Status: 200. Latency: 0.3750s
[2026-06-28 23:20:17] INFO [monitor.checker:79] Service 'Attendance Manager App Backend' is healthy. Status: 200. Latency: 0.3910s
[2026-06-28 23:20:17] INFO [monitor.checker:79] Service 'Memories Application Backend' is healthy. Status: 200. Latency: 0.4690s
[2026-06-28 23:20:17] INFO [monitor.checker:192] Finished health check cycle.
[2026-06-28 23:20:17] INFO [reports.generator:87] JSON report written to reports\report_20260628_175017.json
[2026-06-28 23:20:17] INFO [reports.generator:87] JSON report written to reports\report_latest.json
[2026-06-28 23:20:17] INFO [reports.generator:132] CSV report written to reports\report_20260628_175017.csv
[2026-06-28 23:20:17] INFO [reports.generator:164] HTML report written to reports\report_20260628_175017.html
[2026-06-28 23:20:18] INFO [reports.generator:164] HTML report written to reports\report_latest.html
[2026-06-28 23:20:18] INFO [healthping:94] All checked services are healthy. No alerts to send.
[2026-06-28 23:21:50] INFO [healthping:39] Loaded global settings. Log level set to INFO
[2026-06-28 23:21:50] INFO [healthping:46] Loaded and validated 6 services.
[2026-06-28 23:21:50] INFO [monitor.checker:171] Starting health check cycle for 6 services (concurrency limit: 10)...
[2026-06-28 23:21:50] INFO [monitor.checker:79] Service 'Memories Application Backend' is healthy. Status: 200. Latency: 0.3750s
[2026-06-28 23:21:50] INFO [monitor.checker:79] Service 'Netflix Clone Backend' is healthy. Status: 200. Latency: 0.3750s
[2026-06-28 23:21:50] INFO [monitor.checker:79] Service 'Attendance Manager App Backend' is healthy. Status: 200. Latency: 0.3750s
[2026-06-28 23:21:50] INFO [monitor.checker:79] Service 'Email Automation Tool' is healthy. Status: 200. Latency: 0.3910s
[2026-06-28 23:21:50] INFO [monitor.checker:79] Service 'Chatroom and Videoroom Backend' is healthy. Status: 200. Latency: 0.3750s
[2026-06-28 23:21:51] INFO [monitor.checker:79] Service 'VoyageAI Backend' is healthy. Status: 200. Latency: 1.0000s
[2026-06-28 23:21:51] INFO [monitor.checker:192] Finished health check cycle.
[2026-06-28 23:21:51] INFO [reports.generator:87] JSON report written to reports\report_20260628_175151.json
[2026-06-28 23:21:51] INFO [reports.generator:87] JSON report written to reports\report_latest.json
[2026-06-28 23:21:51] INFO [reports.generator:132] CSV report written to reports\report_20260628_175151.csv
[2026-06-28 23:21:51] INFO [reports.generator:164] HTML report written to reports\report_20260628_175151.html
[2026-06-28 23:21:51] INFO [reports.generator:164] HTML report written to reports\report_latest.html
[2026-06-28 23:21:51] INFO [healthping:94] All checked services are healthy. No alerts to send.
[2026-06-28 23:23:29] INFO [healthping:39] Loaded global settings. Log level set to INFO
[2026-06-28 23:23:29] INFO [healthping:46] Loaded and validated 6 services.
[2026-06-28 23:23:29] INFO [monitor.checker:171] Starting health check cycle for 6 services (concurrency limit: 10)...
[2026-06-28 23:23:29] INFO [monitor.checker:79] Service 'Attendance Manager App Backend' is healthy. Status: 200. Latency: 0.3120s
[2026-06-28 23:23:29] INFO [monitor.checker:79] Service 'Chatroom and Videoroom Backend' is healthy. Status: 200. Latency: 0.4370s
[2026-06-28 23:23:29] INFO [monitor.checker:79] Service 'Memories Application Backend' is healthy. Status: 200. Latency: 0.4370s
[2026-06-28 23:23:29] INFO [monitor.checker:79] Service 'Netflix Clone Backend' is healthy. Status: 200. Latency: 0.4530s
[2026-06-28 23:23:29] INFO [monitor.checker:79] Service 'Email Automation Tool' is healthy. Status: 200. Latency: 0.4530s
[2026-06-28 23:23:29] INFO [monitor.checker:79] Service 'VoyageAI Backend' is healthy. Status: 200. Latency: 0.4690s
[2026-06-28 23:23:29] INFO [monitor.checker:192] Finished health check cycle.
[2026-06-28 23:23:29] INFO [reports.generator:87] JSON report written to reports\report_20260628_175329.json
[2026-06-28 23:23:29] INFO [reports.generator:87] JSON report written to reports\report_latest.json
[2026-06-28 23:23:29] INFO [reports.generator:132] CSV report written to reports\report_20260628_175329.csv
[2026-06-28 23:23:29] INFO [reports.generator:164] HTML report written to reports\report_20260628_175329.html
[2026-06-28 23:23:29] INFO [reports.generator:164] HTML report written to reports\report_latest.html
[2026-06-28 23:23:29] INFO [healthping:94] All checked services are healthy. No alerts to send.
[2026-06-28 23:25:28] INFO [healthping:39] Loaded global settings. Log level set to INFO
[2026-06-28 23:25:28] INFO [healthping:46] Loaded and validated 6 services.
[2026-06-28 23:25:28] INFO [monitor.checker:171] Starting health check cycle for 6 services (concurrency limit: 10)...
[2026-06-28 23:25:28] INFO [monitor.checker:79] Service 'Email Automation Tool' is healthy. Status: 200. Latency: 0.3750s
[2026-06-28 23:25:28] INFO [monitor.checker:79] Service 'Chatroom and Videoroom Backend' is healthy. Status: 200. Latency: 0.3590s
[2026-06-28 23:25:28] INFO [monitor.checker:79] Service 'Attendance Manager App Backend' is healthy. Status: 200. Latency: 0.3750s
[2026-06-28 23:25:28] INFO [monitor.checker:79] Service 'Memories Application Backend' is healthy. Status: 200. Latency: 0.3910s
[2026-06-28 23:25:28] INFO [monitor.checker:79] Service 'Netflix Clone Backend' is healthy. Status: 200. Latency: 0.3750s
[2026-06-28 23:25:28] INFO [monitor.checker:79] Service 'VoyageAI Backend' is healthy. Status: 200. Latency: 0.3910s
[2026-06-28 23:25:28] INFO [monitor.checker:192] Finished health check cycle.
[2026-06-28 23:25:28] INFO [reports.generator:87] JSON report written to reports\report_20260628_175528.json
[2026-06-28 23:25:28] INFO [reports.generator:87] JSON report written to reports\report_latest.json
[2026-06-28 23:25:28] INFO [reports.generator:132] CSV report written to reports\report_20260628_175528.csv
[2026-06-28 23:25:28] INFO [reports.generator:164] HTML report written to reports\report_20260628_175528.html
[2026-06-28 23:25:28] INFO [reports.generator:164] HTML report written to reports\report_latest.html
[2026-06-28 23:25:28] INFO [healthping:94] All checked services are operational. Dispatching success status update email...
[2026-06-28 23:25:28] INFO [notifications.email_sender:55] Connecting to SMTP server at smtp.gmail.com:587...
[2026-06-28 23:25:30] INFO [notifications.email_sender:69] Authenticating SMTP user: dug7904@gmail.com...
[2026-06-28 23:25:30] INFO [notifications.email_sender:72] Dispatching email: '✅ HealthPing Status: All Services Online' to <mishrasatyabrata27@gmail.com>
[2026-06-28 23:25:32] INFO [notifications.email_sender:77] Email delivered successfully.
[2026-06-28 23:26:26] INFO [healthping:39] Loaded global settings. Log level set to INFO
[2026-06-28 23:26:26] INFO [healthping:46] Loaded and validated 6 services.
[2026-06-28 23:26:26] INFO [monitor.checker:171] Starting health check cycle for 6 services (concurrency limit: 10)...
[2026-06-28 23:26:27] INFO [monitor.checker:79] Service 'Email Automation Tool' is healthy. Status: 200. Latency: 0.5000s
[2026-06-28 23:26:27] INFO [monitor.checker:79] Service 'VoyageAI Backend' is healthy. Status: 200. Latency: 0.7660s
[2026-06-28 23:26:27] INFO [monitor.checker:79] Service 'Attendance Manager App Backend' is healthy. Status: 200. Latency: 0.7660s
[2026-06-28 23:26:27] INFO [monitor.checker:79] Service 'Netflix Clone Backend' is healthy. Status: 200. Latency: 0.7660s
[2026-06-28 23:26:27] INFO [monitor.checker:79] Service 'Memories Application Backend' is healthy. Status: 200. Latency: 0.7660s
[2026-06-28 23:26:27] INFO [monitor.checker:79] Service 'Chatroom and Videoroom Backend' is healthy. Status: 200. Latency: 1.3590s
[2026-06-28 23:26:27] INFO [monitor.checker:192] Finished health check cycle.
[2026-06-28 23:26:27] INFO [reports.generator:87] JSON report written to reports\report_20260628_175627.json
[2026-06-28 23:26:27] INFO [reports.generator:87] JSON report written to reports\report_latest.json
[2026-06-28 23:26:27] INFO [reports.generator:132] CSV report written to reports\report_20260628_175627.csv
[2026-06-28 23:26:27] INFO [reports.generator:164] HTML report written to reports\report_20260628_175627.html
[2026-06-28 23:26:27] INFO [reports.generator:164] HTML report written to reports\report_latest.html
[2026-06-28 23:26:27] INFO [healthping:94] All checked services are operational. Dispatching success status update email...
[2026-06-28 23:26:27] INFO [notifications.email_sender:55] Connecting to SMTP server at smtp.gmail.com:587...
[2026-06-28 23:26:28] INFO [notifications.email_sender:69] Authenticating SMTP user: dug7904@gmail.com...
[2026-06-28 23:26:29] INFO [notifications.email_sender:72] Dispatching email: '✅ HealthPing Status: All Services Online' to <mishrasatyabrata27@gmail.com>
[2026-06-28 23:26:31] INFO [notifications.email_sender:77] Email delivered successfully.
[2026-06-28 23:28:47] INFO [healthping:39] Loaded global settings. Log level set to INFO
[2026-06-28 23:28:47] INFO [healthping:46] Loaded and validated 6 services.
[2026-06-28 23:28:47] INFO [monitor.checker:171] Starting health check cycle for 6 services (concurrency limit: 10)...
[2026-06-28 23:28:48] INFO [monitor.checker:79] Service 'Attendance Manager App Backend' is healthy. Status: 200. Latency: 0.3590s
[2026-06-28 23:28:48] INFO [monitor.checker:79] Service 'Chatroom and Videoroom Backend' is healthy. Status: 200. Latency: 0.3590s
[2026-06-28 23:28:48] INFO [monitor.checker:79] Service 'VoyageAI Backend' is healthy. Status: 200. Latency: 0.4060s
[2026-06-28 23:28:48] INFO [monitor.checker:79] Service 'Memories Application Backend' is healthy. Status: 200. Latency: 0.4060s
[2026-06-28 23:28:48] INFO [monitor.checker:79] Service 'Netflix Clone Backend' is healthy. Status: 200. Latency: 0.3900s
[2026-06-28 23:28:49] INFO [monitor.checker:79] Service 'Email Automation Tool' is healthy. Status: 200. Latency: 1.3910s
[2026-06-28 23:28:49] INFO [monitor.checker:192] Finished health check cycle.
[2026-06-28 23:28:49] INFO [healthping:94] All checked services are operational. Dispatching success status update email...
[2026-06-28 23:28:49] INFO [notifications.email_sender:55] Connecting to SMTP server at smtp.gmail.com:587...
[2026-06-28 23:28:50] INFO [notifications.email_sender:69] Authenticating SMTP user: dug7904@gmail.com...
[2026-06-28 23:28:50] INFO [notifications.email_sender:72] Dispatching email: '✅ HealthPing Status: All Services Online' to <mishrasatyabrata27@gmail.com>
[2026-06-28 23:28:52] INFO [notifications.email_sender:77] Email delivered successfully.
[2026-06-28 23:43:39] INFO [healthping:39] Loaded global settings. Log level set to INFO
[2026-06-28 23:43:39] INFO [healthping:46] Loaded and validated 8 services.
[2026-06-28 23:43:39] INFO [monitor.checker:171] Starting health check cycle for 8 services (concurrency limit: 10)...
[2026-06-28 23:43:39] INFO [monitor.checker:79] Service 'Email Automation Tool' is healthy. Status: 200. Latency: 0.3750s
[2026-06-28 23:43:39] INFO [monitor.checker:79] Service 'Chatroom and Videoroom Backend' is healthy. Status: 200. Latency: 0.3910s
[2026-06-28 23:43:39] INFO [monitor.checker:79] Service 'Memories Application Backend' is healthy. Status: 200. Latency: 0.3910s
[2026-06-28 23:43:39] WARNING [monitor.checker:98] Service 'test 1' returned unexpected status 404 on attempt 0: Expected status 200, got 404
[2026-06-28 23:43:39] INFO [monitor.checker:50] Retrying check for 'test 1' (attempt 1/3) in 2.00s...
[2026-06-28 23:43:39] INFO [monitor.checker:79] Service 'Attendance Manager App Backend' is healthy. Status: 200. Latency: 0.4070s
[2026-06-28 23:43:39] INFO [monitor.checker:79] Service 'Netflix Clone Backend' is healthy. Status: 200. Latency: 0.4220s
[2026-06-28 23:43:39] WARNING [monitor.checker:98] Service 'test 2' returned unexpected status 404 on attempt 0: Expected status 200, got 404
[2026-06-28 23:43:39] INFO [monitor.checker:50] Retrying check for 'test 2' (attempt 1/3) in 2.00s...
[2026-06-28 23:43:39] INFO [monitor.checker:79] Service 'VoyageAI Backend' is healthy. Status: 200. Latency: 0.4530s
[2026-06-28 23:43:42] WARNING [monitor.checker:98] Service 'test 2' returned unexpected status 404 on attempt 1: Expected status 200, got 404
[2026-06-28 23:43:42] INFO [monitor.checker:50] Retrying check for 'test 2' (attempt 2/3) in 4.00s...
[2026-06-28 23:43:42] WARNING [monitor.checker:98] Service 'test 1' returned unexpected status 404 on attempt 1: Expected status 200, got 404
[2026-06-28 23:43:42] INFO [monitor.checker:50] Retrying check for 'test 1' (attempt 2/3) in 4.00s...
[2026-06-28 23:43:46] WARNING [monitor.checker:98] Service 'test 2' returned unexpected status 404 on attempt 2: Expected status 200, got 404
[2026-06-28 23:43:46] INFO [monitor.checker:50] Retrying check for 'test 2' (attempt 3/3) in 8.00s...
[2026-06-28 23:43:46] WARNING [monitor.checker:98] Service 'test 1' returned unexpected status 404 on attempt 2: Expected status 200, got 404
[2026-06-28 23:43:46] INFO [monitor.checker:50] Retrying check for 'test 1' (attempt 3/3) in 8.00s...
[2026-06-28 23:43:54] WARNING [monitor.checker:98] Service 'test 2' returned unexpected status 404 on attempt 3: Expected status 200, got 404
[2026-06-28 23:43:54] ERROR [monitor.checker:129] Service 'test 2' health check failed. Reason: Expected status 200, got 404. Retries: 3
[2026-06-28 23:43:54] WARNING [monitor.checker:98] Service 'test 1' returned unexpected status 404 on attempt 3: Expected status 200, got 404
[2026-06-28 23:43:54] ERROR [monitor.checker:129] Service 'test 1' health check failed. Reason: Expected status 200, got 404. Retries: 3
[2026-06-28 23:43:54] INFO [monitor.checker:192] Finished health check cycle.
[2026-06-28 23:43:54] INFO [healthping:82] Dispatching unified status update email...
[2026-06-28 23:43:54] INFO [notifications.email_sender:55] Connecting to SMTP server at smtp.gmail.com:587...
[2026-06-28 23:43:55] INFO [notifications.email_sender:69] Authenticating SMTP user: dug7904@gmail.com...
[2026-06-28 23:43:56] INFO [notifications.email_sender:72] Dispatching email: '❌ HealthPing Status: Outage Detected (2 Failed)' to <mishrasatyabrata27@gmail.com>
[2026-06-28 23:43:58] INFO [notifications.email_sender:77] Email delivered successfully.
[2026-06-28 23:45:00] INFO [healthping:39] Loaded global settings. Log level set to INFO
[2026-06-28 23:45:00] INFO [healthping:46] Loaded and validated 6 services.
[2026-06-28 23:45:00] INFO [monitor.checker:171] Starting health check cycle for 6 services (concurrency limit: 10)...
[2026-06-28 23:45:01] INFO [monitor.checker:79] Service 'Memories Application Backend' is healthy. Status: 200. Latency: 0.4220s
[2026-06-28 23:45:01] INFO [monitor.checker:79] Service 'Netflix Clone Backend' is healthy. Status: 200. Latency: 0.4220s
[2026-06-28 23:45:01] INFO [monitor.checker:79] Service 'VoyageAI Backend' is healthy. Status: 200. Latency: 0.4380s
[2026-06-28 23:45:01] INFO [monitor.checker:79] Service 'Attendance Manager App Backend' is healthy. Status: 200. Latency: 0.4370s
[2026-06-28 23:45:01] INFO [monitor.checker:79] Service 'Chatroom and Videoroom Backend' is healthy. Status: 200. Latency: 0.4370s
[2026-06-28 23:45:02] INFO [monitor.checker:79] Service 'Email Automation Tool' is healthy. Status: 200. Latency: 1.1410s
[2026-06-28 23:45:02] INFO [monitor.checker:192] Finished health check cycle.
[2026-06-28 23:45:02] INFO [healthping:82] Dispatching unified status update email...
[2026-06-28 23:45:02] INFO [notifications.email_sender:55] Connecting to SMTP server at smtp.gmail.com:587...
[2026-06-28 23:45:03] INFO [notifications.email_sender:69] Authenticating SMTP user: dug7904@gmail.com...
[2026-06-28 23:45:04] INFO [notifications.email_sender:72] Dispatching email: '✅ HealthPing Status: All Services Online' to <mishrasatyabrata27@gmail.com>
[2026-06-28 23:45:05] INFO [notifications.email_sender:77] Email delivered successfully.
[2026-06-28 23:52:03] INFO [healthping:39] Loaded global settings. Log level set to INFO
[2026-06-28 23:52:03] INFO [healthping:46] Loaded and validated 6 services.
[2026-06-28 23:52:03] INFO [monitor.checker:171] Starting health check cycle for 6 services (concurrency limit: 10)...
[2026-06-28 23:52:04] INFO [monitor.checker:79] Service 'Netflix Clone Backend' is healthy. Status: 200. Latency: 0.3750s
[2026-06-28 23:52:04] INFO [monitor.checker:79] Service 'Attendance Manager App Backend' is healthy. Status: 200. Latency: 0.3750s
[2026-06-28 23:52:04] INFO [monitor.checker:79] Service 'Email Automation Tool' is healthy. Status: 200. Latency: 0.4680s
[2026-06-28 23:52:04] INFO [monitor.checker:79] Service 'Chatroom and Videoroom Backend' is healthy. Status: 200. Latency: 0.4680s
[2026-06-28 23:52:04] INFO [monitor.checker:79] Service 'VoyageAI Backend' is healthy. Status: 200. Latency: 0.5000s
[2026-06-28 23:52:04] INFO [monitor.checker:79] Service 'Memories Application Backend' is healthy. Status: 200. Latency: 1.0460s
[2026-06-28 23:52:04] INFO [monitor.checker:192] Finished health check cycle.
[2026-06-28 23:52:04] INFO [healthping:82] Dispatching unified status update email...
[2026-06-28 23:52:04] INFO [notifications.email_sender:55] Connecting to SMTP server at smtp.gmail.com:587...
[2026-06-28 23:52:06] INFO [notifications.email_sender:69] Authenticating SMTP user: dug7904@gmail.com...
[2026-06-28 23:52:07] INFO [notifications.email_sender:72] Dispatching email: '✅ HealthPing Status: All Services Online' to <mishrasatyabrata27@gmail.com>
[2026-06-28 23:52:09] INFO [notifications.email_sender:77] Email delivered successfully.
